生成启动时间为 2017/3/18 22:18:48。
     1>项目“C:\Users\TZY\Desktop\进程结束软件\进程结束软件\进程结束软件.vcxproj”在节点 2 上(Rebuild 个目标)。
     1>ClCompile:
         C:\Program Files (x86)\Microsoft Visual Studio 12.0\VC\bin\CL.exe /c /ZI /nologo /W3 /WX- /sdl /Od /Oy- /D WIN32 /D _DEBUG /D _CONSOLE /D _LIB /D _USING_V110_SDK71_ /D _MBCS /Gm /EHsc /RTC1 /MD /GS /fp:precise /Zc:wchar_t /Zc:forScope /Fo"Debug\\" /Fd"Debug\vc120.pdb" /Gd /TP /analyze- /errorReport:prompt "源main.cpp"
         源main.cpp
     1>c:\users\tzy\desktop\进程结束软件\进程结束软件\源main.cpp(166): warning C4390: “;”: 找到空的受控语句；这是否是有意的?
     1>c:\users\tzy\desktop\进程结束软件\进程结束软件\源main.cpp(208): warning C4390: “;”: 找到空的受控语句；这是否是有意的?
       Link:
         C:\Program Files (x86)\Microsoft Visual Studio 12.0\VC\bin\link.exe /ERRORREPORT:PROMPT /OUT:"C:\Users\TZY\Desktop\进程结束软件\Debug\进程结束软件.exe" /INCREMENTAL /NOLOGO kernel32.lib user32.lib gdi32.lib winspool.lib comdlg32.lib advapi32.lib shell32.lib ole32.lib oleaut32.lib uuid.lib odbc32.lib odbccp32.lib /MANIFEST /MANIFESTUAC:"level='asInvoker' uiAccess='false'" /manifest:embed /DEBUG /PDB:"C:\Users\TZY\Desktop\进程结束软件\Debug\进程结束软件.pdb" /SUBSYSTEM:CONSOLE,"5.01" /TLBID:1 /DYNAMICBASE /NXCOMPAT /IMPLIB:"C:\Users\TZY\Desktop\进程结束软件\Debug\进程结束软件.lib" /MACHINE:X86 "Debug\源main.obj"
     1>源main.obj : error LNK2019: 无法解析的外部符号 __imp___CrtDbgReportW，该符号在函数 "public: char const & __thiscall std::_String_const_iterator<class std::_String_val<struct std::_Simple_types<char> > >::operator*(void)const " (??D?$_String_const_iterator@V?$_String_val@U?$_Simple_types@D@std@@@std@@@std@@QBEABDXZ) 中被引用
     1>C:\Users\TZY\Desktop\进程结束软件\Debug\进程结束软件.exe : fatal error LNK1120: 1 个无法解析的外部命令
     1>已完成生成项目“C:\Users\TZY\Desktop\进程结束软件\进程结束软件\进程结束软件.vcxproj”(Rebuild 个目标)的操作 - 失败。

生成失败。

已用时间 00:00:02.29
